   ▲ Next.js 15.5.12
   - Local:        http://localhost:4106
   - Network:      http://192.168.137.1:4106

 ✓ Starting...
 ✓ Ready in 20.6s
 ○ Compiling / ...
 ✓ Compiled / in 93.9s (614 modules)
 ○ Compiling /api/auth/login ...
 ✓ Compiled /api/auth/login in 9.4s (391 modules)
 POST /api/auth/login 200 in 16206ms
 ○ Compiling /api/admin/access/roles/create ...
 ✓ Compiled /api/admin/access/roles/create in 7.2s (393 modules)
 POST /api/admin/access/roles/create 401 in 18583ms
 POST /api/auth/login 200 in 772ms
 ○ Compiling /api/admin/access/schemas ...
 ✓ Compiled /api/admin/access/schemas in 12.6s (393 modules)
 POST /api/admin/access/schemas 401 in 18342ms
 POST /api/auth/login 200 in 14671ms
 POST /api/auth/login 200 in 28414ms
 ○ Compiling /api/auth/session ...
 ✓ Compiled /api/auth/session in 54.4s (393 modules)
 POST /api/auth/login 200 in 3953ms
 GET /api/auth/session 200 in 2429ms
 ✓ Compiled in 1268ms
 ○ Compiling /api/auth/login ...
 ✓ Compiled /api/auth/login in 10.9s (169 modules)
 ✓ Compiled in 7.6s (169 modules)
 POST /api/auth/login 200 in 33471ms
 ○ Compiling /api/admin/access/roles/create ...
 ✓ Compiled /api/admin/access/roles/create in 63.1s (171 modules)
 ✓ Compiled in 1643ms
 ○ Compiling /api/auth/login ...
 ✓ Compiled /api/auth/login in 39s (169 modules)
 POST /api/auth/login 200 in 43357ms
 ○ Compiling /api/admin/access/roles/create ...
 ✓ Compiled /api/admin/access/roles/create in 732ms (171 modules)
 POST /api/admin/access/roles/create 200 in 2061ms
 POST /api/auth/login 200 in 22546ms
 POST /api/admin/access/roles/create 200 in 2401ms
 ○ Compiling /api/admin/access/schemas ...
 ✓ Compiled /api/admin/access/schemas in 5.9s (173 modules)
 POST /api/admin/access/schemas 200 in 8139ms
 POST /api/admin/access/schemas 200 in 149ms
 POST /api/admin/access/schemas 200 in 225ms
 POST /api/admin/access/schemas 200 in 125ms
 POST /api/admin/access/schemas 500 in 1990ms
